2023-06-26 19:37:15,887:WARNING:
'cuml' is a soft dependency and not included in the pycaret installation. Please run: `pip install cuml` to install.
2023-06-26 19:37:15,887:WARNING:
'cuml' is a soft dependency and not included in the pycaret installation. Please run: `pip install cuml` to install.
2023-06-26 19:37:15,887:WARNING:
'cuml' is a soft dependency and not included in the pycaret installation. Please run: `pip install cuml` to install.
2023-06-26 19:37:15,887:WARNING:
'cuml' is a soft dependency and not included in the pycaret installation. Please run: `pip install cuml` to install.
2023-06-26 19:37:17,659:WARNING:
'prophet' is a soft dependency and not included in the pycaret installation. Please run: `pip install prophet` to install.
2023-06-26 19:37:19,717:INFO:Initializing load_model()
2023-06-26 19:37:19,717:INFO:load_model(model_name=insurance_model, platform=None, authentication=None, verbose=True)
2023-06-26 19:48:28,677:WARNING:
'cuml' is a soft dependency and not included in the pycaret installation. Please run: `pip install cuml` to install.
2023-06-26 19:48:28,677:WARNING:
'cuml' is a soft dependency and not included in the pycaret installation. Please run: `pip install cuml` to install.
2023-06-26 19:48:28,677:WARNING:
'cuml' is a soft dependency and not included in the pycaret installation. Please run: `pip install cuml` to install.
2023-06-26 19:48:28,677:WARNING:
'cuml' is a soft dependency and not included in the pycaret installation. Please run: `pip install cuml` to install.
2023-06-26 19:48:30,457:WARNING:
'prophet' is a soft dependency and not included in the pycaret installation. Please run: `pip install prophet` to install.
2023-06-26 19:48:31,798:INFO:Initializing load_model()
2023-06-26 19:48:31,798:INFO:load_model(model_name=insurance_model, platform=None, authentication=None, verbose=True)
2023-06-26 19:48:55,549:INFO:Initializing load_model()
2023-06-26 19:48:55,557:INFO:load_model(model_name=insurance_model, platform=None, authentication=None, verbose=True)
2023-06-26 19:58:46,411:WARNING:
'cuml' is a soft dependency and not included in the pycaret installation. Please run: `pip install cuml` to install.
2023-06-26 19:58:46,411:WARNING:
'cuml' is a soft dependency and not included in the pycaret installation. Please run: `pip install cuml` to install.
2023-06-26 19:58:46,411:WARNING:
'cuml' is a soft dependency and not included in the pycaret installation. Please run: `pip install cuml` to install.
2023-06-26 19:58:46,411:WARNING:
'cuml' is a soft dependency and not included in the pycaret installation. Please run: `pip install cuml` to install.
2023-06-26 19:58:47,264:WARNING:
'prophet' is a soft dependency and not included in the pycaret installation. Please run: `pip install prophet` to install.
2023-06-26 19:58:47,986:INFO:Initializing load_model()
2023-06-26 19:58:47,986:INFO:Initializing load_model()
2023-06-26 19:58:47,986:INFO:load_model(model_name=insurance_model, platform=None, authentication=None, verbose=True)
2023-06-26 19:58:47,986:INFO:load_model(model_name=insurance_model, platform=None, authentication=None, verbose=True)
2023-06-26 19:58:48,014:WARNING:C:\Users\91930\Dropbox\PC\Desktop\web.app\venv\Lib\site-packages\pycaret\internal\pipeline.py:135: UserWarning: Version mismatch:
current: {'deps_info': {'pip': '23.1.2', 'setuptools': '65.5.1', 'pycaret': '3.0.0rc9', 'IPython': '8.14.0', 'ipywidgets': '8.0.6', 'tqdm': '4.65.0', 'numpy': '1.24.4', 'pandas': '1.5.3', 'jinja2': '3.1.2', 'scipy': '1.11.0', 'joblib': '1.2.0', 'sklearn': '1.2.2', 'pyod': '1.1.0', 'imblearn': '0.10.1', 'category_encoders': '2.6.1', 'lightgbm': '3.3.5', 'numba': '0.57.1', 'requests': '2.31.0', 'matplotlib': '3.7.1', 'scikitplot': '0.3.7', 'yellowbrick': '1.5', 'plotly': '5.15.0', 'kaleido': '0.2.1', 'statsmodels': '0.14.0', 'sktime': '0.20.0', 'tbats': '1.1.3', 'pmdarima': '2.0.3', 'psutil': '5.9.5'}, 'python': {'version': '3.11.2', 'machine': 'AMD64'}}
pickle: {'deps_info': {'pip': '23.1.2', 'setuptools': '67.7.2', 'pycaret': '3.0.2', 'IPython': '7.34.0', 'ipywidgets': '7.7.1', 'tqdm': '4.65.0', 'numpy': '1.22.4', 'pandas': '1.5.3', 'jinja2': '3.1.2', 'scipy': '1.10.1', 'joblib': '1.2.0', 'sklearn': '1.2.2', 'pyod': '1.0.9', 'imblearn': '0.10.1', 'category_encoders': '2.6.1', 'lightgbm': '3.3.5', 'numba': '0.56.4', 'requests': '2.27.1', 'matplotlib': '3.7.1', 'scikitplot': '0.3.7', 'yellowbrick': '1.5', 'plotly': '5.13.1', 'kaleido': '0.2.1', 'statsmodels': '0.13.5', 'sktime': '0.17.0', 'tbats': '1.1.3', 'pmdarima': '2.0.3', 'psutil': '5.9.5'}, 'python': {'version': '3.10.12', 'machine': 'x86_64'}}
  warnings.warn(

2023-06-26 20:14:42,177:INFO:Initializing load_model()
2023-06-26 20:14:42,187:INFO:load_model(model_name=insurance_model, platform=None, authentication=None, verbose=True)
2023-06-26 20:14:42,198:WARNING:C:\Users\91930\Dropbox\PC\Desktop\web.app\venv\Lib\site-packages\pycaret\internal\pipeline.py:135: UserWarning: Version mismatch:
current: {'deps_info': {'pip': '23.1.2', 'setuptools': '65.5.1', 'pycaret': '3.0.0rc9', 'IPython': '8.14.0', 'ipywidgets': '8.0.6', 'tqdm': '4.65.0', 'numpy': '1.24.4', 'pandas': '1.5.3', 'jinja2': '3.1.2', 'scipy': '1.11.0', 'joblib': '1.2.0', 'sklearn': '1.2.2', 'pyod': '1.1.0', 'imblearn': '0.10.1', 'category_encoders': '2.6.1', 'lightgbm': '3.3.5', 'numba': '0.57.1', 'requests': '2.31.0', 'matplotlib': '3.7.1', 'scikitplot': '0.3.7', 'yellowbrick': '1.5', 'plotly': '5.15.0', 'kaleido': '0.2.1', 'statsmodels': '0.14.0', 'sktime': '0.20.0', 'tbats': '1.1.3', 'pmdarima': '2.0.3', 'psutil': '5.9.5'}, 'python': {'version': '3.11.2', 'machine': 'AMD64'}}
pickle: {'deps_info': {'pip': '23.1.2', 'setuptools': '67.7.2', 'pycaret': '3.0.2', 'IPython': '7.34.0', 'ipywidgets': '7.7.1', 'tqdm': '4.65.0', 'numpy': '1.22.4', 'pandas': '1.5.3', 'jinja2': '3.1.2', 'scipy': '1.10.1', 'joblib': '1.2.0', 'sklearn': '1.2.2', 'pyod': '1.0.9', 'imblearn': '0.10.1', 'category_encoders': '2.6.1', 'lightgbm': '3.3.5', 'numba': '0.56.4', 'requests': '2.27.1', 'matplotlib': '3.7.1', 'scikitplot': '0.3.7', 'yellowbrick': '1.5', 'plotly': '5.13.1', 'kaleido': '0.2.1', 'statsmodels': '0.13.5', 'sktime': '0.17.0', 'tbats': '1.1.3', 'pmdarima': '2.0.3', 'psutil': '5.9.5'}, 'python': {'version': '3.10.12', 'machine': 'x86_64'}}
  warnings.warn(

